<?xml version="1.0" encoding="UTF-8"?>
<!-- Generated by org.testng.reporters.JUnitXMLReporter -->
<testsuite ignored="0" hostname="MSI" failures="0" tests="4" name="Default test" time="4.267" errors="0" timestamp="2024-01-06T10:57:44 CST">
  <testcase classname="api.test.PetTests" name="createPet" time="2.511"/>
  <testcase classname="api.test.PetTests" name="getPetById" time="0.282"/>
  <testcase classname="api.test.PetTests" name="updatePet" time="0.555"/>
  <testcase classname="api.test.PetTests" name="deletePetById" time="0.276"/>
</testsuite> <!-- Default test -->
