<?xml version="1.0" encoding="UTF-8"?>
<!-- Generated by org.testng.reporters.JUnitXMLReporter -->
<testsuite ignored="0" hostname="MSI" failures="0" tests="11" name="Test" time="7.04" errors="0" timestamp="2024-01-08T12:53:53 CST">
  <testcase classname="api.test.PetTests" name="createPet" time="2.397"/>
  <testcase classname="api.test.PetTests" name="getPetById" time="0.277"/>
  <testcase classname="api.test.PetTests" name="updatePet" time="0.555"/>
  <testcase classname="api.test.PetTests" name="deletePetById" time="0.267"/>
  <testcase classname="api.test.UserTests" name="createUser" time="0.275"/>
  <testcase classname="api.test.UserTests" name="getUserByUserName" time="0.258"/>
  <testcase classname="api.test.UserTests" name="updateUserByUserName" time="0.522"/>
  <testcase classname="api.test.UserTests" name="deleteUserByUserName" time="0.273"/>
  <testcase classname="api.test.StoreTests" name="createOrder" time="0.744"/>
  <testcase classname="api.test.StoreTests" name="getOrder" time="0.247"/>
  <testcase classname="api.test.StoreTests" name="delelteOrder" time="0.242"/>
</testsuite> <!-- Test -->
