<?xml version="1.0" encoding="UTF-8"?>
<testng-results ignored="0" total="11" passed="11" failed="0" skipped="0">
  <reporter-output>
  </reporter-output>
  <suite started-at="2024-01-08T12:53:45 CST" name="Suite" finished-at="2024-01-08T12:53:52 CST" duration-ms="7040">
    <groups>
    </groups>
    <test started-at="2024-01-08T12:53:45 CST" name="Test" finished-at="2024-01-08T12:53:52 CST" duration-ms="7040">
      <class name="api.test.UserTests">
        <test-method is-config="true" signature="setup()[pri:0, instance:api.test.UserTests@5149d738]" started-at="2024-01-08T12:53:50 CST" name="setup" finished-at="2024-01-08T12:53:50 CST" duration-ms="69" status="PASS">
          <reporter-output>
          </reporter-output>
        </test-method> <!-- setup -->
        <test-method signature="createUser()[pri:1, instance:api.test.UserTests@5149d738]" started-at="2024-01-08T12:53:50 CST" name="createUser" finished-at="2024-01-08T12:53:50 CST" duration-ms="275" status="PASS">
          <reporter-output>
          </reporter-output>
        </test-method> <!-- createUser -->
        <test-method signature="getUserByUserName()[pri:2, instance:api.test.UserTests@5149d738]" started-at="2024-01-08T12:53:50 CST" name="getUserByUserName" finished-at="2024-01-08T12:53:50 CST" duration-ms="258" status="PASS">
          <reporter-output>
          </reporter-output>
        </test-method> <!-- getUserByUserName -->
        <test-method signature="updateUserByUserName()[pri:3, instance:api.test.UserTests@5149d738]" started-at="2024-01-08T12:53:50 CST" name="updateUserByUserName" finished-at="2024-01-08T12:53:51 CST" duration-ms="522" status="PASS">
          <reporter-output>
          </reporter-output>
        </test-method> <!-- updateUserByUserName -->
        <test-method signature="deleteUserByUserName()[pri:4, instance:api.test.UserTests@5149d738]" started-at="2024-01-08T12:53:51 CST" name="deleteUserByUserName" finished-at="2024-01-08T12:53:51 CST" duration-ms="273" status="PASS">
          <reporter-output>
          </reporter-output>
        </test-method> <!-- deleteUserByUserName -->
      </class> <!-- api.test.UserTests -->
      <class name="api.test.PetTests">
        <test-method is-config="true" signature="setup()[pri:0, instance:api.test.PetTests@75d3a5e0]" started-at="2024-01-08T12:53:46 CST" name="setup" finished-at="2024-01-08T12:53:46 CST" duration-ms="609" status="PASS">
          <reporter-output>
          </reporter-output>
        </test-method> <!-- setup -->
        <test-method signature="createPet()[pri:1, instance:api.test.PetTests@75d3a5e0]" started-at="2024-01-08T12:53:46 CST" name="createPet" finished-at="2024-01-08T12:53:49 CST" duration-ms="2397" status="PASS">
          <reporter-output>
          </reporter-output>
        </test-method> <!-- createPet -->
        <test-method signature="getPetById()[pri:2, instance:api.test.PetTests@75d3a5e0]" started-at="2024-01-08T12:53:49 CST" name="getPetById" finished-at="2024-01-08T12:53:49 CST" duration-ms="277" status="PASS">
          <reporter-output>
          </reporter-output>
        </test-method> <!-- getPetById -->
        <test-method signature="updatePet()[pri:3, instance:api.test.PetTests@75d3a5e0]" started-at="2024-01-08T12:53:49 CST" name="updatePet" finished-at="2024-01-08T12:53:49 CST" duration-ms="555" status="PASS">
          <reporter-output>
          </reporter-output>
        </test-method> <!-- updatePet -->
        <test-method signature="deletePetById()[pri:4, instance:api.test.PetTests@75d3a5e0]" started-at="2024-01-08T12:53:49 CST" name="deletePetById" finished-at="2024-01-08T12:53:50 CST" duration-ms="267" status="PASS">
          <reporter-output>
          </reporter-output>
        </test-method> <!-- deletePetById -->
      </class> <!-- api.test.PetTests -->
      <class name="api.test.StoreTests">
        <test-method is-config="true" signature="setup()[pri:0, instance:api.test.StoreTests@6bbe85a8]" started-at="2024-01-08T12:53:51 CST" name="setup" finished-at="2024-01-08T12:53:51 CST" duration-ms="4" status="PASS">
          <reporter-output>
          </reporter-output>
        </test-method> <!-- setup -->
        <test-method signature="createOrder()[pri:1, instance:api.test.StoreTests@6bbe85a8]" started-at="2024-01-08T12:53:51 CST" name="createOrder" finished-at="2024-01-08T12:53:52 CST" duration-ms="744" status="PASS">
          <reporter-output>
          </reporter-output>
        </test-method> <!-- createOrder -->
        <test-method signature="getOrder()[pri:2, instance:api.test.StoreTests@6bbe85a8]" started-at="2024-01-08T12:53:52 CST" name="getOrder" finished-at="2024-01-08T12:53:52 CST" duration-ms="247" status="PASS">
          <reporter-output>
          </reporter-output>
        </test-method> <!-- getOrder -->
        <test-method signature="delelteOrder()[pri:3, instance:api.test.StoreTests@6bbe85a8]" started-at="2024-01-08T12:53:52 CST" name="delelteOrder" finished-at="2024-01-08T12:53:52 CST" duration-ms="242" status="PASS">
          <reporter-output>
          </reporter-output>
        </test-method> <!-- delelteOrder -->
      </class> <!-- api.test.StoreTests -->
    </test> <!-- Test -->
  </suite> <!-- Suite -->
</testng-results>
